<?xml version="1.0" encoding="UTF-8"?>
<!-- Generated by org.testng.reporters.JUnitXMLReporter -->
<testsuite hostname="qa-akotkar" ignored="1" tests="2" failures="1" timestamp="30 Mar 2020 12:19:41 GMT" time="0.035" errors="0">
  <testcase name="aSkipTest" time="0.009" classname="TestCases">
    <skipped/>
  </testcase> <!-- aSkipTest -->
  <testcase name="TestToFail" time="0.003" classname="TestCases">
    <failure type="java.lang.AssertionError" message="expected [true] but found [false]">
      <![CDATA[java.lang.AssertionError: expected [true] but found [false]
at TestCases.TestToFail(TestCases.java:34)
... Removed 29 stack frames]]>
    </failure>
  </testcase> <!-- TestToFail -->
  <testcase name="Login" time="0.0" classname="TestCases">
    <ignored/>
  </testcase> <!-- Login -->
</testsuite>
