<?xml version="1.0" encoding="UTF-8"?>
<!-- Generated by org.testng.reporters.JUnitXMLReporter -->
<testsuite hostname="qa-akotkar" ignored="1" tests="2" failures="0" timestamp="30 Mar 2020 12:20:07 GMT" time="0.036" errors="0">
  <testcase name="aSkipTest" time="0.012" classname="TestCases">
    <skipped/>
  </testcase> <!-- aSkipTest -->
  <testcase name="TestToFail" time="0.001" classname="TestCases"/>
  <testcase name="Login" time="0.0" classname="TestCases">
    <ignored/>
  </testcase> <!-- Login -->
</testsuite>
