<?xml version="1.0" encoding="UTF-8"?>
<!-- Generated by org.testng.reporters.JUnitXMLReporter -->
<testsuite hostname="qa-akotkar" ignored="2" tests="1" failures="0" timestamp="30 Mar 2020 12:24:07 GMT" time="0.036" errors="0">
  <testcase name="aSkipTest" time="0.011" classname="TestCases">
    <skipped/>
  </testcase> <!-- aSkipTest -->
  <testcase name="TestToFail" time="0.0" classname="TestCases">
    <ignored/>
  </testcase> <!-- TestToFail -->
  <testcase name="Login" time="0.0" classname="TestCases">
    <ignored/>
  </testcase> <!-- Login -->
</testsuite>
